-------------------------------------------------------------------------------
Test set: com.example.webappdemo.WebappDemoApplicationTests
-------------------------------------------------------------------------------
Tests run: 1, Failures: 0, Errors: 1, Skipped: 0, Time elapsed: 0.991 s <<< FAILURE! - in com.example.webappdemo.WebappDemoApplicationTests
contextLoads  Time elapsed: 0.005 s  <<< ERROR!
java.lang.IllegalStateException: Failed to load ApplicationContext
Caused by: org.springframework.beans.factory.UnsatisfiedDependencyException: Error creating bean with name 'searchController': Unsatisfied dependency expressed through field 'gateway'; nested exception is org.springframework.beans.factory.BeanCreationException: Error creating bean with name 'gateway' defined in class path resource [com/example/googol/config/RMIConfig.class]: Bean instantiation via factory method failed; nested exception is org.springframework.beans.BeanInstantiationException: Failed to instantiate [search.Gateway]: Factory method 'gateway' threw exception; nested exception is java.lang.ClassCastException: class jdk.proxy2.$Proxy53 cannot be cast to class search.Gateway (jdk.proxy2.$Proxy53 is in module jdk.proxy2 of loader 'app'; search.Gateway is in unnamed module of loader 'app')
Caused by: org.springframework.beans.factory.BeanCreationException: Error creating bean with name 'gateway' defined in class path resource [com/example/googol/config/RMIConfig.class]: Bean instantiation via factory method failed; nested exception is org.springframework.beans.BeanInstantiationException: Failed to instantiate [search.Gateway]: Factory method 'gateway' threw exception; nested exception is java.lang.ClassCastException: class jdk.proxy2.$Proxy53 cannot be cast to class search.Gateway (jdk.proxy2.$Proxy53 is in module jdk.proxy2 of loader 'app'; search.Gateway is in unnamed module of loader 'app')
Caused by: org.springframework.beans.BeanInstantiationException: Failed to instantiate [search.Gateway]: Factory method 'gateway' threw exception; nested exception is java.lang.ClassCastException: class jdk.proxy2.$Proxy53 cannot be cast to class search.Gateway (jdk.proxy2.$Proxy53 is in module jdk.proxy2 of loader 'app'; search.Gateway is in unnamed module of loader 'app')
Caused by: java.lang.ClassCastException: class jdk.proxy2.$Proxy53 cannot be cast to class search.Gateway (jdk.proxy2.$Proxy53 is in module jdk.proxy2 of loader 'app'; search.Gateway is in unnamed module of loader 'app')

